<?xml version="1.0" encoding="UTF-8"?>
<testsuite name="com.lawrenceorolobo.contactapi.ContactapiApplicationTests" tests="1" skipped="0" failures="0" errors="0" timestamp="2022-09-20T10:49:22" hostname="PAGAs-MacBook-Pro-2.local" time="0.096">
  <properties/>
  <testcase name="contextLoads()" classname="com.lawrenceorolobo.contactapi.ContactapiApplicationTests" time="0.096"/>
  <system-out><![CDATA[11:49:16.101 [Test worker] DEBUG org.springframework.test.context.BootstrapUtils - Instantiating CacheAwareContextLoaderDelegate from class [org.springframework.test.context.cache.DefaultCacheAwareContextLoaderDelegate]
11:49:16.113 [Test worker] DEBUG org.springframework.test.context.BootstrapUtils - Instantiating BootstrapContext using constructor [public org.springframework.test.context.support.DefaultBootstrapContext(java.lang.Class,org.springframework.test.context.CacheAwareContextLoaderDelegate)]
11:49:16.148 [Test worker] DEBUG org.springframework.test.context.BootstrapUtils - Instantiating TestContextBootstrapper for test class [com.lawrenceorolobo.contactapi.ContactapiApplicationTests] from class [org.springframework.boot.test.context.SpringBootTestContextBootstrapper]
11:49:16.158 [Test worker] INFO org.springframework.boot.test.context.SpringBootTestContextBootstrapper - Neither @ContextConfiguration nor @ContextHierarchy found for test class [com.lawrenceorolobo.contactapi.ContactapiApplicationTests], using SpringBootContextLoader
11:49:16.161 [Test worker] DEBUG org.springframework.test.context.support.AbstractContextLoader - Did not detect default resource location for test class [com.lawrenceorolobo.contactapi.ContactapiApplicationTests]: class path resource [com/lawrenceorolobo/contactapi/ContactapiApplicationTests-context.xml] does not exist
11:49:16.162 [Test worker] DEBUG org.springframework.test.context.support.AbstractContextLoader - Did not detect default resource location for test class [com.lawrenceorolobo.contactapi.ContactapiApplicationTests]: class path resource [com/lawrenceorolobo/contactapi/ContactapiApplicationTestsContext.groovy] does not exist
11:49:16.162 [Test worker] INFO org.springframework.test.context.support.AbstractContextLoader - Could not detect default resource locations for test class [com.lawrenceorolobo.contactapi.ContactapiApplicationTests]: no resource found for suffixes {-context.xml, Context.groovy}.
11:49:16.163 [Test worker] INFO org.springframework.test.context.support.AnnotationConfigContextLoaderUtils - Could not detect default configuration classes for test class [com.lawrenceorolobo.contactapi.ContactapiApplicationTests]: ContactapiApplicationTests does not declare any static, non-private, non-final, nested classes annotated with @Configuration.
11:49:16.208 [Test worker] DEBUG org.springframework.test.context.support.ActiveProfilesUtils - Could not find an 'annotation declaring class' for annotation type [org.springframework.test.context.ActiveProfiles] and class [com.lawrenceorolobo.contactapi.ContactapiApplicationTests]
11:49:16.286 [Test worker] DEBUG org.springframework.context.annotation.ClassPathScanningCandidateComponentProvider - Identified candidate component class: file [/Volumes/pagaSourceCodes/contactApiUsingSpringBoot/build/classes/java/main/com/lawrenceorolobo/contactapi/ContactapiApplication.class]
11:49:16.288 [Test worker] INFO org.springframework.boot.test.context.SpringBootTestContextBootstrapper - Found @SpringBootConfiguration com.lawrenceorolobo.contactapi.ContactapiApplication for test class com.lawrenceorolobo.contactapi.ContactapiApplicationTests
11:49:16.389 [Test worker] DEBUG org.springframework.boot.test.context.SpringBootTestContextBootstrapper - @TestExecutionListeners is not present for class [com.lawrenceorolobo.contactapi.ContactapiApplicationTests]: using defaults.
11:49:16.389 [Test worker] INFO org.springframework.boot.test.context.SpringBootTestContextBootstrapper - Loaded default TestExecutionListener class names from location [META-INF/spring.factories]: [org.springframework.boot.test.autoconfigure.restdocs.RestDocsTestExecutionListener, org.springframework.boot.test.autoconfigure.web.client.MockRestServiceServerResetTestExecutionListener, org.springframework.boot.test.autoconfigure.web.servlet.MockMvcPrintOnlyOnFailureTestExecutionListener, org.springframework.boot.test.autoconfigure.web.servlet.WebDriverTestExecutionListener, org.springframework.boot.test.autoconfigure.webservices.client.MockWebServiceServerTestExecutionListener, org.springframework.boot.test.mock.mockito.MockitoTestExecutionListener, org.springframework.boot.test.mock.mockito.ResetMocksTestExecutionListener, org.springframework.test.context.web.ServletTestExecutionListener, org.springframework.test.context.support.DirtiesContextBeforeModesTestExecutionListener, org.springframework.test.context.event.ApplicationEventsTestExecutionListener, org.springframework.test.context.support.DependencyInjectionTestExecutionListener, org.springframework.test.context.support.DirtiesContextTestExecutionListener, org.springframework.test.context.transaction.TransactionalTestExecutionListener, org.springframework.test.context.jdbc.SqlScriptsTestExecutionListener, org.springframework.test.context.event.EventPublishingTestExecutionListener]
11:49:16.405 [Test worker] INFO org.springframework.boot.test.context.SpringBootTestContextBootstrapper - Using TestExecutionListeners: [org.springframework.test.context.web.ServletTestExecutionListener@598bd2ba, org.springframework.test.context.support.DirtiesContextBeforeModesTestExecutionListener@5a755cc1, org.springframework.test.context.event.ApplicationEventsTestExecutionListener@7ae42ce3, org.springframework.boot.test.mock.mockito.MockitoTestExecutionListener@4f5991f6, org.springframework.boot.test.autoconfigure.SpringBootDependencyInjectionTestExecutionListener@484094a5, org.springframework.test.context.support.DirtiesContextTestExecutionListener@38234a38, org.springframework.test.context.transaction.TransactionalTestExecutionListener@63fbfaeb, org.springframework.test.context.jdbc.SqlScriptsTestExecutionListener@602e0143, org.springframework.test.context.event.EventPublishingTestExecutionListener@2c07545f, org.springframework.boot.test.autoconfigure.restdocs.RestDocsTestExecutionListener@e57b96d, org.springframework.boot.test.autoconfigure.web.client.MockRestServiceServerResetTestExecutionListener@32c726ee, org.springframework.boot.test.autoconfigure.web.servlet.MockMvcPrintOnlyOnFailureTestExecutionListener@22f31dec, org.springframework.boot.test.autoconfigure.web.servlet.WebDriverTestExecutionListener@34c01041, org.springframework.boot.test.autoconfigure.webservices.client.MockWebServiceServerTestExecutionListener@76f4b65, org.springframework.boot.test.mock.mockito.ResetMocksTestExecutionListener@c94fd30]
11:49:16.409 [Test worker] DEBUG org.springframework.test.context.support.AbstractDirtiesContextTestExecutionListener - Before test class: context [DefaultTestContext@2bd08376 testClass = ContactapiApplicationTests, testInstance = [null], testMethod = [null], testException = [null], mergedContextConfiguration = [WebMergedContextConfiguration@e70f13a testClass = ContactapiApplicationTests, locations = '{}', classes = '{class com.lawrenceorolobo.contactapi.ContactapiApplication}', contextInitializerClasses = '[]', activeProfiles = '{}', propertySourceLocations = '{}', propertySourceProperties = '{org.springframework.boot.test.context.SpringBootTestContextBootstrapper=true}', contextCustomizers = set[org.springframework.boot.test.autoconfigure.actuate.metrics.MetricsExportContextCustomizerFactory$DisableMetricExportContextCustomizer@72cc7e6f, org.springframework.boot.test.autoconfigure.properties.PropertyMappingContextCustomizer@0, org.springframework.boot.test.autoconfigure.web.servlet.WebDriverContextCustomizerFactory$Customizer@5386659f, org.springframework.boot.test.context.filter.ExcludeFilterContextCustomizer@7ce69770, org.springframework.boot.test.json.DuplicateJsonObjectContextCustomizerFactory$DuplicateJsonObjectContextCustomizer@7e057f43, org.springframework.boot.test.mock.mockito.MockitoContextCustomizer@0, org.springframework.boot.test.web.client.TestRestTemplateContextCustomizer@359df09a, org.springframework.boot.test.context.SpringBootTestArgs@1, org.springframework.boot.test.context.SpringBootTestWebEnvironment@4445629], resourceBasePath = 'src/main/webapp', contextLoader = 'org.springframework.boot.test.context.SpringBootContextLoader', parent = [null]], attributes = map['org.springframework.test.context.web.ServletTestExecutionListener.activateListener' -> true]], class annotated with @DirtiesContext [false] with mode [null].

  .   ____          _            __ _ _
 /\\ / ___'_ __ _ _(_)_ __  __ _ \ \ \ \
( ( )\___ | '_ | '_| | '_ \/ _` | \ \ \ \
 \\/  ___)| |_)| | | | | || (_| |  ) ) ) )
  '  |____| .__|_| |_|_| |_\__, | / / / /
 =========|_|==============|___/=/_/_/_/
 :: Spring Boot ::                (v2.7.3)

2022-09-20 11:49:16.768  INFO 3839 --- [    Test worker] c.l.c.ContactapiApplicationTests         : Starting ContactapiApplicationTests using Java 1.8.0_321 on PAGAs-MacBook-Pro-2.local with PID 3839 (started by lawrenceorolobo in /Volumes/pagaSourceCodes/contactApiUsingSpringBoot)
2022-09-20 11:49:16.769  INFO 3839 --- [    Test worker] c.l.c.ContactapiApplicationTests         : No active profile set, falling back to 1 default profile: "default"
2022-09-20 11:49:17.441  INFO 3839 --- [    Test worker] .s.d.r.c.RepositoryConfigurationDelegate : Bootstrapping Spring Data JPA repositories in DEFAULT mode.
2022-09-20 11:49:17.502  INFO 3839 --- [    Test worker] .s.d.r.c.RepositoryConfigurationDelegate : Finished Spring Data repository scanning in 50 ms. Found 1 JPA repository interfaces.
2022-09-20 11:49:18.206  INFO 3839 --- [    Test worker] o.hibernate.jpa.internal.util.LogHelper  : HHH000204: Processing PersistenceUnitInfo [name: default]
2022-09-20 11:49:18.272  INFO 3839 --- [    Test worker] org.hibernate.Version                    : HHH000412: Hibernate ORM core version 5.6.10.Final
2022-09-20 11:49:18.544  INFO 3839 --- [    Test worker] o.hibernate.annotations.common.Version   : HCANN000001: Hibernate Commons Annotations {5.1.2.Final}
2022-09-20 11:49:18.674  INFO 3839 --- [    Test worker] com.zaxxer.hikari.HikariDataSource       : HikariPool-1 - Starting...
2022-09-20 11:49:19.210  INFO 3839 --- [    Test worker] com.zaxxer.hikari.HikariDataSource       : HikariPool-1 - Start completed.
2022-09-20 11:49:19.255  INFO 3839 --- [    Test worker] org.hibernate.dialect.Dialect            : HHH000400: Using dialect: org.hibernate.dialect.MySQL8Dialect
2022-09-20 11:49:20.386  INFO 3839 --- [    Test worker] o.h.e.t.j.p.i.JtaPlatformInitiator       : HHH000490: Using JtaPlatform implementation: [org.hibernate.engine.transaction.jta.platform.internal.NoJtaPlatform]
2022-09-20 11:49:20.396  INFO 3839 --- [    Test worker] j.LocalContainerEntityManagerFactoryBean : Initialized JPA EntityManagerFactory for persistence unit 'default'
2022-09-20 11:49:21.442  WARN 3839 --- [    Test worker] JpaBaseConfiguration$JpaWebConfiguration : spring.jpa.open-in-view is enabled by default. Therefore, database queries may be performed during view rendering. Explicitly configure spring.jpa.open-in-view to disable this warning
2022-09-20 11:49:22.571  INFO 3839 --- [    Test worker] c.l.c.ContactapiApplicationTests         : Started ContactapiApplicationTests in 6.12 seconds (JVM running for 7.541)
]]></system-out>
  <system-err><![CDATA[]]></system-err>
</testsuite>
